# JRE version: Java(TM) SE Runtime Environment (8.0_211-b12) (build 1.8.0_211-b12)
# Java VM: Java HotSpot(TM) 64-Bit Server VM (25.211-b12 mixed mode windows-amd64 compressed oops)
Heap:
 PSYoungGen      total 74240K, used 10523K [0x00000000fab00000, 0x0000000100000000, 0x0000000100000000)
  eden space 63488K, 0% used [0x00000000fab00000,0x00000000fab00000,0x00000000fe900000)
  from space 10752K, 97% used [0x00000000fe900000,0x00000000ff346d70,0x00000000ff380000)
  to   space 11776K, 0% used [0x00000000ff480000,0x00000000ff480000,0x0000000100000000)
 ParOldGen       total 99328K, used 8736K [0x00000000f0000000, 0x00000000f6100000, 0x00000000fab00000)
  object space 99328K, 8% used [0x00000000f0000000,0x00000000f08881a0,0x00000000f6100000)
 Metaspace       used 33943K, capacity 35362K, committed 35496K, reserved 1079296K
  class space    used 4488K, capacity 4768K, committed 4776K, reserved 1048576K
GC Heap History (10 events):
Event: 2.199 GC heap after
Heap after GC invocations=4 (full 1):
 PSYoungGen      total 75776K, used 0K [0x00000000fab00000, 0x0000000100000000, 0x0000000100000000)
  eden space 65024K, 0% used [0x00000000fab00000,0x00000000fab00000,0x00000000fea80000)
  from space 10752K, 0% used [0x00000000fea80000,0x00000000fea80000,0x00000000ff500000)
  to   space 10752K, 0% used [0x00000000ff580000,0x00000000ff580000,0x0000000100000000)
 ParOldGen       total 99328K, used 6569K [0x00000000f0000000, 0x00000000f6100000, 0x00000000fab00000)
  object space 99328K, 6% used [0x00000000f0000000,0x00000000f066a780,0x00000000f6100000)
 Metaspace       used 20514K, capacity 21282K, committed 21296K, reserved 1067008K
  class space    used 2753K, capacity 2942K, committed 2944K, reserved 1048576K
}
Event: 2.813 GC heap before
{Heap before GC invocations=5 (full 1):
 PSYoungGen      total 75776K, used 65024K [0x00000000fab00000, 0x0000000100000000, 0x0000000100000000)
  eden space 65024K, 100% used [0x00000000fab00000,0x00000000fea80000,0x00000000fea80000)
  from space 10752K, 0% used [0x00000000fea80000,0x00000000fea80000,0x00000000ff500000)
  to   space 10752K, 0% used [0x00000000ff580000,0x00000000ff580000,0x0000000100000000)
 ParOldGen       total 99328K, used 6569K [0x00000000f0000000, 0x00000000f6100000, 0x00000000fab00000)
  object space 99328K, 6% used [0x00000000f0000000,0x00000000f066a780,0x00000000f6100000)
 Metaspace       used 25293K, capacity 26258K, committed 26496K, reserved 1073152K
  class space    used 3354K, capacity 3588K, committed 3712K, reserved 1048576K
Event: 2.819 GC heap after
Heap after GC invocations=5 (full 1):
 PSYoungGen      total 76288K, used 6546K [0x00000000fab00000, 0x0000000100000000, 0x0000000100000000)
  eden space 65536K, 0% used [0x00000000fab00000,0x00000000fab00000,0x00000000feb00000)
  from space 10752K, 60% used [0x00000000ff580000,0x00000000ffbe4aa8,0x0000000100000000)
  to   space 10752K, 0% used [0x00000000feb00000,0x00000000feb00000,0x00000000ff580000)
 ParOldGen       total 99328K, used 6577K [0x00000000f0000000, 0x00000000f6100000, 0x00000000fab00000)
  object space 99328K, 6% used [0x00000000f0000000,0x00000000f066c780,0x00000000f6100000)
 Metaspace       used 25293K, capacity 26258K, committed 26496K, reserved 1073152K
  class space    used 3354K, capacity 3588K, committed 3712K, reserved 1048576K
}
Event: 3.413 GC heap before
{Heap before GC invocations=6 (full 1):
 PSYoungGen      total 76288K, used 72082K [0x00000000fab00000, 0x0000000100000000, 0x0000000100000000)
  eden space 65536K, 100% used [0x00000000fab00000,0x00000000feb00000,0x00000000feb00000)
  from space 10752K, 60% used [0x00000000ff580000,0x00000000ffbe4aa8,0x0000000100000000)
  to   space 10752K, 0% used [0x00000000feb00000,0x00000000feb00000,0x00000000ff580000)
 ParOldGen       total 99328K, used 6577K [0x00000000f0000000, 0x00000000f6100000, 0x00000000fab00000)
  object space 99328K, 6% used [0x00000000f0000000,0x00000000f066c780,0x00000000f6100000)
 Metaspace       used 26935K, capacity 27970K, committed 28160K, reserved 1073152K
  class space    used 3573K, capacity 3820K, committed 3840K, reserved 1048576K
Event: 3.421 GC heap after
Heap after GC invocations=6 (full 1):
 PSYoungGen      total 72704K, used 7151K [0x00000000fab00000, 0x00000000ffc00000, 0x0000000100000000)
  eden space 65536K, 0% used [0x00000000fab00000,0x00000000fab00000,0x00000000feb00000)
  from space 7168K, 99% used [0x00000000feb00000,0x00000000ff1fbc48,0x00000000ff200000)
  to   space 8704K, 0% used [0x00000000ff380000,0x00000000ff380000,0x00000000ffc00000)
 ParOldGen       total 99328K, used 6649K [0x00000000f0000000, 0x00000000f6100000, 0x00000000fab00000)
  object space 99328K, 6% used [0x00000000f0000000,0x00000000f067e790,0x00000000f6100000)
 Metaspace       used 26935K, capacity 27970K, committed 28160K, reserved 1073152K
  class space    used 3573K, capacity 3820K, committed 3840K, reserved 1048576K
}
Event: 4.442 GC heap before
{Heap before GC invocations=7 (full 1):
 PSYoungGen      total 72704K, used 72687K [0x00000000fab00000, 0x00000000ffc00000, 0x0000000100000000)
  eden space 65536K, 100% used [0x00000000fab00000,0x00000000feb00000,0x00000000feb00000)
  from space 7168K, 99% used [0x00000000feb00000,0x00000000ff1fbc48,0x00000000ff200000)
  to   space 8704K, 0% used [0x00000000ff380000,0x00000000ff380000,0x00000000ffc00000)
 ParOldGen       total 99328K, used 6649K [0x00000000f0000000, 0x00000000f6100000, 0x00000000fab00000)
  object space 99328K, 6% used [0x00000000f0000000,0x00000000f067e790,0x00000000f6100000)
 Metaspace       used 31204K, capacity 32568K, committed 32640K, reserved 1077248K
  class space    used 4161K, capacity 4437K, committed 4480K, reserved 1048576K
Event: 4.458 GC heap after
Heap after GC invocations=7 (full 1):
 PSYoungGen      total 72192K, used 8695K [0x00000000fab00000, 0x0000000100000000, 0x0000000100000000)
  eden space 63488K, 0% used [0x00000000fab00000,0x00000000fab00000,0x00000000fe900000)
  from space 8704K, 99% used [0x00000000ff380000,0x00000000ffbfdd70,0x00000000ffc00000)
  to   space 10752K, 0% used [0x00000000fe900000,0x00000000fe900000,0x00000000ff380000)
 ParOldGen       total 99328K, used 8728K [0x00000000f0000000, 0x00000000f6100000, 0x00000000fab00000)
  object space 99328K, 8% used [0x00000000f0000000,0x00000000f08861a0,0x00000000f6100000)
 Metaspace       used 31204K, capacity 32568K, committed 32640K, reserved 1077248K
  class space    used 4161K, capacity 4437K, committed 4480K, reserved 1048576K
}
Event: 5.033 GC heap before
{Heap before GC invocations=8 (full 1):
 PSYoungGen      total 72192K, used 48944K [0x00000000fab00000, 0x0000000100000000, 0x0000000100000000)
  eden space 63488K, 63% used [0x00000000fab00000,0x00000000fd24e368,0x00000000fe900000)
  from space 8704K, 99% used [0x00000000ff380000,0x00000000ffbfdd70,0x00000000ffc00000)
  to   space 10752K, 0% used [0x00000000fe900000,0x00000000fe900000,0x00000000ff380000)
 ParOldGen       total 99328K, used 8728K [0x00000000f0000000, 0x00000000f6100000, 0x00000000fab00000)
  object space 99328K, 8% used [0x00000000f0000000,0x00000000f08861a0,0x00000000f6100000)
 Metaspace       used 33943K, capacity 35362K, committed 35496K, reserved 1079296K
  class space    used 4488K, capacity 4768K, committed 4776K, reserved 1048576K
Event: 5.044 GC heap after
Heap after GC invocations=8 (full 1):
 PSYoungGen      total 74240K, used 10523K [0x00000000fab00000, 0x0000000100000000, 0x0000000100000000)
  eden space 63488K, 0% used [0x00000000fab00000,0x00000000fab00000,0x00000000fe900000)
  from space 10752K, 97% used [0x00000000fe900000,0x00000000ff346d70,0x00000000ff380000)
  to   space 11776K, 0% used [0x00000000ff480000,0x00000000ff480000,0x0000000100000000)
 ParOldGen       total 99328K, used 8736K [0x00000000f0000000, 0x00000000f6100000, 0x00000000fab00000)
  object space 99328K, 8% used [0x00000000f0000000,0x00000000f08881a0,0x00000000f6100000)
 Metaspace       used 33943K, capacity 35362K, committed 35496K, reserved 1079296K
  class space    used 4488K, capacity 4768K, committed 4776K, reserved 1048576K
}
Event: 5.044 GC heap before
{Heap before GC invocations=9 (full 2):
 PSYoungGen      total 74240K, used 10523K [0x00000000fab00000, 0x0000000100000000, 0x0000000100000000)
  eden space 63488K, 0% used [0x00000000fab00000,0x00000000fab00000,0x00000000fe900000)
  from space 10752K, 97% used [0x00000000fe900000,0x00000000ff346d70,0x00000000ff380000)
  to   space 11776K, 0% used [0x00000000ff480000,0x00000000ff480000,0x0000000100000000)
 ParOldGen       total 99328K, used 8736K [0x00000000f0000000, 0x00000000f6100000, 0x00000000fab00000)
  object space 99328K, 8% used [0x00000000f0000000,0x00000000f08881a0,0x00000000f6100000)
 Metaspace       used 33943K, capacity 35362K, committed 35496K, reserved 1079296K
  class space    used 4488K, capacity 4768K, committed 4776K, reserved 1048576K

